2016/04/01 01:33:07	280	0x00000006					リッキーと 戦闘開始！
2016/04/01 01:33:17	290	0x00000005	AA000-01				エックスの マヌーサ！
2016/04/01 01:33:17	291	0x00000005					 → リッキーには きかなかった！
2016/04/01 01:33:17	292	0x00000005					ユウジの 天下無双！
2016/04/01 01:33:17	293	0x00000005					 → かいしんの いちげき！
2016/04/01 01:33:17	294	0x00000005					 → リッキーに 277のダメージ！
2016/04/01 01:33:17	295	0x00000005					 → リッキーに 151のダメージ！
2016/04/01 01:33:17	296	0x00000005					 → リッキーに 155のダメージ！
2016/04/01 01:33:17	297	0x00000005					 → リッキーに 147のダメージ！
2016/04/01 01:33:17	298	0x00000005					 → リッキーに 160のダメージ！
2016/04/01 01:33:17	299	0x00000005					 → リッキーに 156のダメージ！
2016/04/01 01:33:17	300	0x00000005					 → リッキーに 113のダメージ！
2016/04/01 01:33:18	301	0x00000005					コウイチの 真・やいばくだき！
2016/04/01 01:33:18	302	0x00000005					 → リッキーに 1305のダメージ！
2016/04/01 01:33:18	303	0x00000005					 → リッキーの こうげき力を かなり さげた！
2016/04/01 01:33:18	304	0x00000005					 → リッキーは 与えるダメージが 少なくなった！
2016/04/01 01:33:27	305	0x00000005	AA000-01				エックスは マヌーサを となえた！
2016/04/01 01:33:27	306	0x00000005					ユウジの 天下無双！
2016/04/01 01:33:27	307	0x00000005					 → リッキーに 160のダメージ！
2016/04/01 01:33:27	308	0x00000005					 → リッキーに 154のダメージ！
2016/04/01 01:33:27	309	0x00000005					 → リッキーに 164のダメージ！
2016/04/01 01:33:27	310	0x00000005					 → リッキーに 160のダメージ！
2016/04/01 01:33:27	311	0x00000005					 → リッキーに 146のダメージ！
2016/04/01 01:33:27	312	0x00000005					 → リッキーに 158のダメージ！
2016/04/01 01:33:27	313	0x00000005					 → リッキーに 104のダメージ！
2016/04/01 01:33:28	314	0x00000005					リッキーの こうげき！
2016/04/01 01:33:28	315	0x00000005					 → つうこんの いちげき！
2016/04/01 01:33:28	316	0x00000005					 → アキラは 武器で こうげきを はじきかえした！
2016/04/01 01:33:30	317	0x00000005					アキラの キラージャグリング！
2016/04/01 01:33:30	318	0x00000005					 → リッキーに 115のダメージ！
2016/04/01 01:33:30	319	0x00000005					 → リッキーに 125のダメージ！
2016/04/01 01:33:30	320	0x00000005					 → リッキーに 127のダメージ！
2016/04/01 01:33:30	321	0x00000005					 → リッキーに 119のダメージ！
2016/04/01 01:33:30	322	0x00000005					 → リッキーに 115のダメージ！
2016/04/01 01:33:30	323	0x00000005					 → リッキーに 119のダメージ！
2016/04/01 01:33:30	324	0x00000005					コウイチの 蒼天魔斬！
2016/04/01 01:33:30	325	0x00000005					 → リッキーに 1204のダメージ！
2016/04/01 01:33:33	326	0x00000005	AA000-01				エックスの マヌーサ！
2016/04/01 01:33:33	327	0x00000005					 → リッキーには きかなかった！
2016/04/01 01:33:35	328	0x00000005					リッキーは 魅惑のおどりをおどった！
2016/04/01 01:33:37	329	0x00000005					ユウジの 天下無双！
2016/04/01 01:33:37	330	0x00000005					 → リッキーに 151のダメージ！
2016/04/01 01:33:37	331	0x00000005					 → リッキーに 159のダメージ！
2016/04/01 01:33:37	332	0x00000005					 → リッキーに 152のダメージ！
2016/04/01 01:33:37	333	0x00000005					 → リッキーに 162のダメージ！
2016/04/01 01:33:37	334	0x00000005					 → リッキーに 154のダメージ！
2016/04/01 01:33:37	335	0x00000005					 → リッキーに 148のダメージ！
2016/04/01 01:33:37	336	0x00000005					 → リッキーに 113のダメージ！
2016/04/01 01:33:39	337	0x00000005	AA000-01				エックスの ばくれつけん！
2016/04/01 01:33:39	338	0x00000000	T				 → リッキーに 34のダメージ！
2016/04/01 01:33:39	339	0x00000000					 → リッキーに 34のダメージ！
2016/04/01 01:33:39	340	0x00000000					 → リッキーに 32のダメージ！
2016/04/01 01:33:39	341	0x00000000					 → リッキーに 34のダメージ！
2016/04/01 01:33:39	342	0x00000005	AA000-01				リッキーは エックスに 怒った！
2016/04/01 01:33:42	343	0x00000005					アキラの ゴッドジャグリング！
2016/04/01 01:33:42	344	0x00000005					 → リッキーに 120のダメージ！
2016/04/01 01:33:42	345	0x00000005					 → リッキーに 120のダメージ！
2016/04/01 01:33:42	346	0x00000005					 → リッキーに 124のダメージ！
2016/04/01 01:33:42	347	0x00000005					 → リッキーに 121のダメージ！
2016/04/01 01:33:42	348	0x00000005					 → リッキーに 120のダメージ！
2016/04/01 01:33:42	349	0x00000005					 → リッキーの こうげき力ダウンの 効果延長！
2016/04/01 01:33:42	350	0x00000005					 → リッキーに 115のダメージ！
2016/04/01 01:33:42	351	0x00000005					 → リッキーに 116のダメージ！
2016/04/01 01:33:42	352	0x00000005					 → リッキーに 120のダメージ！
2016/04/01 01:33:42	353	0x00000005					リッキーの こうげき！
2016/04/01 01:33:42	354	0x00000001	AA000-01				 → エックスは 70のダメージを うけた！
2016/04/01 01:33:43	355	0x00000005	AA000-01				エックスの ばくれつけん！
2016/04/01 01:33:43	356	0x00000000					 → リッキーに 32のダメージ！
2016/04/01 01:33:43	357	0x00000000					 → リッキーに 32のダメージ！
2016/04/01 01:33:43	358	0x00000000					 → かいしんの いちげき！
2016/04/01 01:33:43	359	0x00000000					 → リッキーに 98のダメージ！
2016/04/01 01:33:43	360	0x00000000					 → リッキーに 34のダメージ！
2016/04/01 01:33:43	361	0x00000005					コウイチの 蒼天魔斬！
2016/04/01 01:33:43	362	0x00000005					 → リッキーに 1163のダメージ！
2016/04/01 01:33:43	363	0x00000005					 → リッキーを シビれさせた！
2016/04/01 01:33:47	364	0x00000005					リッキーの ダメージダウンの効果が きえた！
2016/04/01 01:33:47	365	0x00000005					ユウジの 天下無双！
2016/04/01 01:33:47	366	0x00000005					 → リッキーに 148のダメージ！
2016/04/01 01:33:47	367	0x00000005					 → リッキーに 155のダメージ！
2016/04/01 01:33:47	368	0x00000005					 → リッキーに 151のダメージ！
2016/04/01 01:33:47	369	0x00000005					 → リッキーに 157のダメージ！
2016/04/01 01:33:47	370	0x00000005					 → リッキーに 164のダメージ！
2016/04/01 01:33:47	371	0x00000005					 → リッキーに 162のダメージ！
2016/04/01 01:33:47	372	0x00000005					 → リッキーに 106のダメージ！
2016/04/01 01:33:48	373	0x00000005	AA000-01				エックスの ばくれつけん！
2016/04/01 01:33:48	374	0x00000000					 → リッキーに 32のダメージ！
2016/04/01 01:33:48	375	0x00000000					 → リッキーに 34のダメージ！
2016/04/01 01:33:48	376	0x00000000					 → リッキーに 31のダメージ！
2016/04/01 01:33:48	377	0x00000000					 → リッキーに 35のダメージ！
2016/04/01 01:33:50	378	0x00000005					アキラの 奥義・棍閃殺！
2016/04/01 01:33:50	379	0x00000005					 → アキラの こうげき力アップの 効果延長！
2016/04/01 01:33:50	380	0x00000005					 → リッキーに 871のダメージ！
2016/04/01 01:33:50	381	0x00000005					リッキーの シビれが きえた！
2016/04/01 01:33:53	382	0x00000005					コウイチの 蒼天魔斬！
2016/04/01 01:33:53	383	0x00000005					 → リッキーに 1250のダメージ！
2016/04/01 01:33:54	384	0x00000005	AA000-01				エックスの ばくれつけん！
2016/04/01 01:33:54	385	0x00000000					 → リッキーに 34のダメージ！
2016/04/01 01:33:54	386	0x00000000					 → リッキーに 31のダメージ！
2016/04/01 01:33:54	387	0x00000000					 → リッキーに 34のダメージ！
2016/04/01 01:33:54	388	0x00000000					 → リッキーに 32のダメージ！
2016/04/01 01:33:57	389	0x00000005					アキラの テンションが 5あがった！
2016/04/01 01:33:57	390	0x00000005					ユウジの 天下無双！
2016/04/01 01:33:57	391	0x00000005					 → リッキーに 156のダメージ！
2016/04/01 01:33:57	392	0x00000005					 → リッキーに 149のダメージ！
2016/04/01 01:33:57	393	0x00000005					 → リッキーに 159のダメージ！
2016/04/01 01:33:57	394	0x00000005					 → リッキーに 146のダメージ！
2016/04/01 01:33:57	395	0x00000005					 → リッキーに 149のダメージ！
2016/04/01 01:33:57	396	0x00000005					 → リッキーに 153のダメージ！
2016/04/01 01:33:57	397	0x00000005					 → リッキーを たおした！
2016/04/01 01:33:58	398	0x00000006	AA000-01				エックスは リッキーを やっつけた！
